[0417/141939.638:INFO:CONSOLE(0)] "Error with Permissions-Policy header: Feature xr-spatial-tracking's parameters are ignored.", source:  (0)
[0417/141939.638:INFO:CONSOLE(0)] "Error with Permissions-Policy header: Origin trial controlled feature not enabled: 'attribution-reporting'.", source:  (0)
[0417/141939.638:INFO:CONSOLE(0)] "Error with Permissions-Policy header: Unrecognized feature: 'bluetooth'.", source:  (0)
[0417/141939.639:INFO:CONSOLE(0)] "Error with Permissions-Policy header: Unrecognized feature: 'ch-save-data'.", source:  (0)
[0417/141939.639:INFO:CONSOLE(0)] "Error with Permissions-Policy header: Origin trial controlled feature not enabled: 'ch-viewport-height'.", source:  (0)
[0417/141939.639:INFO:CONSOLE(0)] "Error with Permissions-Policy header: Unrecognized feature: 'gamepad'.", source:  (0)
[0417/141939.639:INFO:CONSOLE(0)] "Error with Permissions-Policy header: Unrecognized feature: 'local-fonts'.", source:  (0)
[0417/141939.639:INFO:CONSOLE(0)] "Error with Permissions-Policy header: Unrecognized feature: 'window-management'.", source:  (0)
[0417/141939.646:WARNING:backend_impl.cc(1826)] Destroying invalid entry.
[0417/141939.646:WARNING:backend_impl.cc(1826)] Destroying invalid entry.
[0417/141939.647:WARNING:backend_impl.cc(1826)] Destroying invalid entry.
[0417/141939.647:WARNING:backend_impl.cc(1826)] Destroying invalid entry.
[0417/141939.647:WARNING:backend_impl.cc(1826)] Destroying invalid entry.
[0417/141939.647:WARNING:backend_impl.cc(1826)] Destroying invalid entry.
[0417/141939.648:WARNING:backend_impl.cc(1826)] Destroying invalid entry.
[0417/141939.648:WARNING:backend_impl.cc(1826)] Destroying invalid entry.
[0417/141939.648:WARNING:backend_impl.cc(1826)] Destroying invalid entry.
[0417/141939.649:WARNING:backend_impl.cc(1826)] Destroying invalid entry.
[0417/141939.649:WARNING:backend_impl.cc(1826)] Destroying invalid entry.
[0417/141939.649:WARNING:backend_impl.cc(1826)] Destroying invalid entry.
